<?xml version="1.0" encoding="UTF-8"?>
<testsuite xmlns:xsi="http://www.w3.org/2001/XMLSchema-instance" xsi:noNamespaceSchemaLocation="https://maven.apache.org/surefire/maven-surefire-plugin/xsd/surefire-test-report.xsd" name="application.model.MovieRepositoryTest" time="10.57" tests="7" errors="0" skipped="3" failures="1">
  <properties>
[...]
</properties>
  <testcase name="shouldReturnRightMoviesgetTopMovies" classname="application.model.MovieRepositoryTest" time="0.796"/>
  <testcase name="getFlaggedMovies" classname="application.model.MovieRepositoryTest" time="0">
    <skipped message="void application.model.MovieRepositoryTest.getFlaggedMovies() is @Disabled"/>
  </testcase>
  <testcase name="editMovie" classname="application.model.MovieRepositoryTest" time="0">
    <skipped message="void application.model.MovieRepositoryTest.editMovie() is @Disabled"/>
  </testcase>
  <testcase name="flagMovie" classname="application.model.MovieRepositoryTest" time="0">
    <skipped message="void application.model.MovieRepositoryTest.flagMovie() is @Disabled"/>
  </testcase>
  <testcase name="recommendMovie" classname="application.model.MovieRepositoryTest" time="0.213">
    <failure message="&#10;Expected: is &lt;[application.model.entities.Movie@62d6ac]&gt;&#10;     but: was &lt;[]&gt;" type="java.lang.AssertionError"><![CDATA[java.lang.AssertionError: 

Expected: is <[application.model.entities.Movie@62d6ac]>
     but: was <[]>
	at application.model.MovieRepositoryTest.recommendMovie(MovieRepositoryTest.java:125)
]]></failure>
    <system-out><![CDATA[2021-10-27 08:12:28.792  INFO 16896 --- [           main] o.s.t.c.transaction.TransactionContext   : Began transaction (1) for test context [DefaultTestContext@2f67b837 testClass = MovieRepositoryTest, testInstance = application.model.MovieRepositoryTest@247dcbba, testMethod = recommendMovie@MovieRepositoryTest, testException = [null], mergedContextConfiguration = [MergedContextConfiguration@1869fbd2 testClass = MovieRepositoryTest, locations = '{}', classes = '{class application.App}', contextInitializerClasses = '[]', activeProfiles = '{}', propertySourceLocations = '{}', propertySourceProperties = '{org.springframework.boot.test.autoconfigure.orm.jpa.DataJpaTestContextBootstrapper=true}', contextCustomizers = set[[ImportsContextCustomizer@6af9fcb2 key = [org.springframework.boot.autoconfigure.cache.CacheAutoConfiguration, org.springframework.boot.autoconfigure.data.jpa.JpaRepositoriesAutoConfiguration, org.springframework.boot.autoconfigure.flyway.FlywayAutoConfiguration, org.springframework.boot.autoconfigure.jdbc.DataSourceAutoConfiguration, org.springframework.boot.autoconfigure.jdbc.DataSourceTransactionManagerAutoConfiguration, org.springframework.boot.autoconfigure.jdbc.JdbcTemplateAutoConfiguration, org.springframework.boot.autoconfigure.liquibase.LiquibaseAutoConfiguration, org.springframework.boot.autoconfigure.orm.jpa.HibernateJpaAutoConfiguration, org.springframework.boot.autoconfigure.transaction.TransactionAutoConfiguration, org.springframework.boot.test.autoconfigure.jdbc.TestDatabaseAutoConfiguration, org.springframework.boot.test.autoconfigure.orm.jpa.TestEntityManagerAutoConfiguration]], org.springframework.boot.test.context.filter.ExcludeFilterContextCustomizer@4149c063, org.springframework.boot.test.json.DuplicateJsonObjectContextCustomizerFactory$DuplicateJsonObjectContextCustomizer@38af9828, org.springframework.boot.test.mock.mockito.MockitoContextCustomizer@0, org.springframework.boot.test.autoconfigure.OverrideAutoConfigurationContextCustomizerFactory$DisableAutoConfigurationContextCustomizer@81d9a72, org.springframework.boot.test.autoconfigure.filter.TypeExcludeFiltersContextCustomizer@351584c0, org.springframework.boot.test.autoconfigure.properties.PropertyMappingContextCustomizer@f27ff6d9, org.springframework.boot.test.autoconfigure.web.servlet.WebDriverContextCustomizerFactory$Customizer@102cec62], contextLoader = 'org.springframework.boot.test.context.SpringBootContextLoader', parent = [null]], attributes = map[[empty]]]; transaction manager [org.springframework.orm.jpa.JpaTransactionManager@5e8f0f98]; rollback [true]
Hibernate: 
    call next value for hibernate_sequence
Hibernate: 
    call next value for hibernate_sequence
Hibernate: 
    call next value for hibernate_sequence
Hibernate: 
    select
        user0_.id as id1_5_1_,
        user0_.email as email2_5_1_,
        user0_.first_name as first_na3_5_1_,
        user0_.last_name as last_nam4_5_1_,
        user0_.password as password5_5_1_,
        user0_.user_name as user_nam6_5_1_,
        flaggedmov1_.user_id as user_id1_3_3_,
        movie2_.id as movie_id2_3_3_,
        movie2_.id as id1_2_0_,
        movie2_.description as descript2_2_0_,
        movie2_.duration as duration3_2_0_,
        movie2_.inappropriate as inapprop4_2_0_,
        movie2_.name as name5_2_0_,
        movie2_.popularity as populari6_2_0_,
        movie2_.poster_path as poster_p7_2_0_,
        movie2_.rating as rating8_2_0_,
        movie2_.release_date as release_9_2_0_,
        movie2_.source as source10_2_0_,
        movie2_.trailer_path as trailer11_2_0_ 
    from
        users user0_ 
    left outer join
        user_flag_movies flaggedmov1_ 
            on user0_.id=flaggedmov1_.user_id 
    left outer join
        movies movie2_ 
            on flaggedmov1_.movie_id=movie2_.id 
    where
        user0_.id=?
Hibernate: 
    call next value for hibernate_sequence
Hibernate: 
    insert 
    into
        movies
        (description, duration, inappropriate, name, popularity, poster_path, rating, release_date, source, trailer_path, id) 
    values
        (?, ?, ?, ?, ?, ?, ?, ?, ?, ?, ?)
Hibernate: 
    insert 
    into
        movies
        (description, duration, inappropriate, name, popularity, poster_path, rating, release_date, source, trailer_path, id) 
    values
        (?, ?, ?, ?, ?, ?, ?, ?, ?, ?, ?)
Hibernate: 
    insert 
    into
        movies
        (description, duration, inappropriate, name, popularity, poster_path, rating, release_date, source, trailer_path, id) 
    values
        (?, ?, ?, ?, ?, ?, ?, ?, ?, ?, ?)
Hibernate: 
    insert 
    into
        users
        (email, first_name, last_name, password, user_name, id) 
    values
        (?, ?, ?, ?, ?, ?)
Hibernate: 
    insert 
    into
        movie_genres
        (movie_id, genres) 
    values
        (?, ?)
Hibernate: 
    insert 
    into
        movie_genres
        (movie_id, genres) 
    values
        (?, ?)
Hibernate: 
    insert 
    into
        user_roles
        (user_id, role) 
    values
        (?, ?)
Hibernate: 
    select
        movie0_.id as id1_2_,
        movie0_.description as descript2_2_,
        movie0_.duration as duration3_2_,
        movie0_.inappropriate as inapprop4_2_,
        movie0_.name as name5_2_,
        movie0_.popularity as populari6_2_,
        movie0_.poster_path as poster_p7_2_,
        movie0_.rating as rating8_2_,
        movie0_.release_date as release_9_2_,
        movie0_.source as source10_2_,
        movie0_.trailer_path as trailer11_2_ 
    from
        movies movie0_
Yousef's Movie 8.0 application.model.entities.Rating@48751d8a
Yousef's 2nd Movie 10.0
Yousef's 3rd Movie 9.0
Hibernate: 
    SELECT
        DISTINCT * 
    FROM
        movies 
    LEFT JOIN
        movie_genres 
            ON movies.id = movie_genres.movie_id 
    WHERE
        movie_genres.genres =  ANY  (
            SELECT
                genres   
            FROM
                movie_genres 
            LEFT JOIN
                users_rate_movies  
                    ON users_rate_movies.movie_id = movie_genres.movie_id  
            WHERE
                movie_genres.movie_id = ? 
                OR users_rate_movies.user_id = ?
        )   
        AND NOT movies.id = ANY  (
            SELECT
                movie_id     
            FROM
                users_rate_movies     
            WHERE
                user_id = ?     
        ) 
    ORDER BY
        rating DESC
Hibernate: 
    select
        movie0_.id as id1_2_,
        movie0_.description as descript2_2_,
        movie0_.duration as duration3_2_,
        movie0_.inappropriate as inapprop4_2_,
        movie0_.name as name5_2_,
        movie0_.popularity as populari6_2_,
        movie0_.poster_path as poster_p7_2_,
        movie0_.rating as rating8_2_,
        movie0_.release_date as release_9_2_,
        movie0_.source as source10_2_,
        movie0_.trailer_path as trailer11_2_ 
    from
        movies movie0_
2021-10-27 08:12:28.970  INFO 16896 --- [           main] o.s.t.c.transaction.TransactionContext   : Rolled back transaction for test: [DefaultTestContext@2f67b837 testClass = MovieRepositoryTest, testInstance = application.model.MovieRepositoryTest@247dcbba, testMethod = recommendMovie@MovieRepositoryTest, testException = java.lang.AssertionError: 
Expected: is <[application.model.entities.Movie@62d6ac]>
     but: was <[]>, mergedContextConfiguration = [MergedContextConfiguration@1869fbd2 testClass = MovieRepositoryTest, locations = '{}', classes = '{class application.App}', contextInitializerClasses = '[]', activeProfiles = '{}', propertySourceLocations = '{}', propertySourceProperties = '{org.springframework.boot.test.autoconfigure.orm.jpa.DataJpaTestContextBootstrapper=true}', contextCustomizers = set[[ImportsContextCustomizer@6af9fcb2 key = [org.springframework.boot.autoconfigure.cache.CacheAutoConfiguration, org.springframework.boot.autoconfigure.data.jpa.JpaRepositoriesAutoConfiguration, org.springframework.boot.autoconfigure.flyway.FlywayAutoConfiguration, org.springframework.boot.autoconfigure.jdbc.DataSourceAutoConfiguration, org.springframework.boot.autoconfigure.jdbc.DataSourceTransactionManagerAutoConfiguration, org.springframework.boot.autoconfigure.jdbc.JdbcTemplateAutoConfiguration, org.springframework.boot.autoconfigure.liquibase.LiquibaseAutoConfiguration, org.springframework.boot.autoconfigure.orm.jpa.HibernateJpaAutoConfiguration, org.springframework.boot.autoconfigure.transaction.TransactionAutoConfiguration, org.springframework.boot.test.autoconfigure.jdbc.TestDatabaseAutoConfiguration, org.springframework.boot.test.autoconfigure.orm.jpa.TestEntityManagerAutoConfiguration]], org.springframework.boot.test.context.filter.ExcludeFilterContextCustomizer@4149c063, org.springframework.boot.test.json.DuplicateJsonObjectContextCustomizerFactory$DuplicateJsonObjectContextCustomizer@38af9828, org.springframework.boot.test.mock.mockito.MockitoContextCustomizer@0, org.springframework.boot.test.autoconfigure.OverrideAutoConfigurationContextCustomizerFactory$DisableAutoConfigurationContextCustomizer@81d9a72, org.springframework.boot.test.autoconfigure.filter.TypeExcludeFiltersContextCustomizer@351584c0, org.springframework.boot.test.autoconfigure.properties.PropertyMappingContextCustomizer@f27ff6d9, org.springframework.boot.test.autoconfigure.web.servlet.WebDriverContextCustomizerFactory$Customizer@102cec62], contextLoader = 'org.springframework.boot.test.context.SpringBootContextLoader', parent = [null]], attributes = map[[empty]]]
]]></system-out>
  </testcase>
  <testcase name="shouldBeOfSizeRightGetMoviesPaginated" classname="application.model.MovieRepositoryTest" time="0.099"/>
  <testcase name="shouldReturnRightMoviesGetMoviesPaginated" classname="application.model.MovieRepositoryTest" time="0.045"/>
</testsuite>